0 info it worked if it ends with ok
1 verbose cli [ '/usr/bin/nodejs', '/usr/bin/npm', 'run', 'tsc:w' ]
2 info using npm@3.10.5
3 info using node@v4.4.7
4 verbose run-script [ 'pretsc:w', 'tsc:w', 'posttsc:w' ]
5 info lifecycle body-count-app@0.0.1~pretsc:w: body-count-app@0.0.1
6 silly lifecycle body-count-app@0.0.1~pretsc:w: no script for pretsc:w, continuing
7 info lifecycle body-count-app@0.0.1~tsc:w: body-count-app@0.0.1
8 verbose lifecycle body-count-app@0.0.1~tsc:w: unsafe-perm in lifecycle true
9 verbose lifecycle body-count-app@0.0.1~tsc:w: PATH: /usr/lib/node_modules/npm/bin/node-gyp-bin:/home/asim/Documents/bodycount-angularjs/node_modules/.bin:/usr/bin:/usr/lib/node_modules/npm/bin/node-gyp-bin:/home/asim/Documents/bodycount-angularjs/node_modules/.bin:/usr/bin:/usr/local/sbin:/usr/local/bin:/usr/sbin:/usr/bin:/sbin:/bin
10 verbose lifecycle body-count-app@0.0.1~tsc:w: CWD: /home/asim/Documents/bodycount-angularjs
11 silly lifecycle body-count-app@0.0.1~tsc:w: Args: [ '-c', 'tsc -w' ]
12 silly lifecycle body-count-app@0.0.1~tsc:w: Returned: code: 1  signal: null
13 info lifecycle body-count-app@0.0.1~tsc:w: Failed to exec tsc:w script
14 verbose stack Error: body-count-app@0.0.1 tsc:w: `tsc -w`
14 verbose stack Exit status 1
14 verbose stack     at EventEmitter.<anonymous> (/usr/lib/node_modules/npm/lib/utils/lifecycle.js:242:16)
14 verbose stack     at emitTwo (events.js:87:13)
14 verbose stack     at EventEmitter.emit (events.js:172:7)
14 verbose stack     at ChildProcess.<anonymous> (/usr/lib/node_modules/npm/lib/utils/spawn.js:40:14)
14 verbose stack     at emitTwo (events.js:87:13)
14 verbose stack     at ChildProcess.emit (events.js:172:7)
14 verbose stack     at maybeClose (internal/child_process.js:827:16)
14 verbose stack     at Process.ChildProcess._handle.onexit (internal/child_process.js:211:5)
15 verbose pkgid body-count-app@0.0.1
16 verbose cwd /home/asim/Documents/bodycount-angularjs
17 error Linux 4.6.0-1-amd64
18 error argv "/usr/bin/nodejs" "/usr/bin/npm" "run" "tsc:w"
19 error node v4.4.7
20 error npm  v3.10.5
21 error code ELIFECYCLE
22 error body-count-app@0.0.1 tsc:w: `tsc -w`
22 error Exit status 1
23 error Failed at the body-count-app@0.0.1 tsc:w script 'tsc -w'.
23 error Make sure you have the latest version of node.js and npm installed.
23 error If you do, this is most likely a problem with the body-count-app package,
23 error not with npm itself.
23 error Tell the author that this fails on your system:
23 error     tsc -w
23 error You can get information on how to open an issue for this project with:
23 error     npm bugs body-count-app
23 error Or if that isn't available, you can get their info via:
23 error     npm owner ls body-count-app
23 error There is likely additional logging output above.
24 verbose exit [ 1, true ]
